<?xml version="1.0" encoding="UTF-8"?>
<!-- Generated by org.testng.reporters.JUnitXMLReporter -->
<testsuite ignored="1" hostname="Ankit_lappy" failures="1" tests="3" name="client_side" time="0.024" errors="0" timestamp="2025-06-01T13:40:01 CDT">
  <testcase classname="testNGPractice.testNG_Practice3" name="A_Scenario_9" time="0.002"/>
  <testcase classname="testNGPractice.testNG_Practice3" name="B_Scenario_10" time="0.004"/>
  <testcase classname="testNGPractice.testNG_Practice4" name="Scenario12" time="0.002">
    <failure type="java.lang.ArithmeticException" message="/ by zero">
      <![CDATA[java.lang.ArithmeticException: / by zero
at testNGPractice.testNG_Practice4.Scenario12(testNG_Practice4.java:18)
at java.base/java.util.ArrayList.forEach(ArrayList.java:1596)
... Removed 25 stack frames]]>
    </failure>
  </testcase> <!-- Scenario12 -->
  <testcase classname="testNGPractice.testNG_Practice4" name="Scenario11" time="0.0">
    <ignored/>
  </testcase> <!-- Scenario11 -->
</testsuite> <!-- client_side -->
