<?xml version="1.0" encoding="UTF-8"?>
<!-- Generated by org.testng.reporters.JUnitXMLReporter -->
<testsuite ignored="5" hostname="Ankit_lappy" failures="1" tests="3" name="support_side" time="0.103" errors="0" timestamp="2025-06-01T13:40:01 CDT">
  <testcase classname="testNGPractice.testNG_Practice1" name="Scenario1" time="0.018">
    <failure type="java.lang.ArithmeticException" message="/ by zero">
      <![CDATA[java.lang.ArithmeticException: / by zero
at testNGPractice.testNG_Practice1.Scenario1(testNG_Practice1.java:22)
at java.base/java.util.ArrayList.forEach(ArrayList.java:1596)
... Removed 25 stack frames]]>
    </failure>
  </testcase> <!-- Scenario1 -->
  <testcase classname="testNGPractice.testNG_Practice1" name="Scenario2" time="0.003"/>
  <testcase classname="testNGPractice.testNG_Practice1" name="Scenario3" time="0.003"/>
  <testcase classname="testNGPractice.testNG_Practice1" name="Scenario4" time="0.0">
    <ignored/>
  </testcase> <!-- Scenario4 -->
  <testcase classname="testNGPractice.testNG_Practice2" name="Scenario5" time="0.0">
    <ignored/>
  </testcase> <!-- Scenario5 -->
  <testcase classname="testNGPractice.testNG_Practice2" name="Scenario6" time="0.0">
    <ignored/>
  </testcase> <!-- Scenario6 -->
  <testcase classname="testNGPractice.testNG_Practice2" name="Scenario7" time="0.0">
    <ignored/>
  </testcase> <!-- Scenario7 -->
  <testcase classname="testNGPractice.testNG_Practice2" name="Scenario8" time="0.0">
    <ignored/>
  </testcase> <!-- Scenario8 -->
</testsuite> <!-- support_side -->
