<?xml version="1.0" encoding="UTF-8"?>
<!-- Generated by org.testng.reporters.JUnitXMLReporter -->
<testsuite ignored="3" hostname="Ankit_lappy" failures="0" tests="3" name="Test" time="0.092" errors="0" timestamp="2025-05-31T12:55:28 CDT">
  <testcase classname="testNGPractice.testNG_Practice1" name="xyz" time="0.019"/>
  <testcase classname="testNGPractice.testNG_Practice1" name="display" time="0.002"/>
  <testcase classname="testNGPractice.testNG_Practice1" name="animal" time="0.004"/>
  <testcase classname="testNGPractice.testNG_Practice1" name="show3" time="0.0">
    <ignored/>
  </testcase> <!-- show3 -->
  <testcase classname="testNGPractice.testNG_Practice1" name="show2" time="0.0">
    <ignored/>
  </testcase> <!-- show2 -->
  <testcase classname="testNGPractice.testNG_Practice1" name="show" time="0.0">
    <ignored/>
  </testcase> <!-- show -->
</testsuite> <!-- Test -->
